<?xml version="1.0" encoding="UTF-8"?>
<!-- Generated by org.testng.reporters.JUnitXMLReporter -->
<testsuite ignored="0" hostname="karthic" failures="1" tests="1" name="Test" time="5.829" errors="0" timestamp="2024-06-07T02:20:30 IST">
  <testcase classname="Flipkart.GetAllmobileDetails" name="getAllMobileDetails" time="0.041">
    <failure type="java.lang.AssertionError" message="expected [true] but found [false]">
      <![CDATA[java.lang.AssertionError: expected [true] but found [false]
at Flipkart.GetAllmobileDetails.getAllMobileDetails(GetAllmobileDetails.java:25)
at java.base/java.util.ArrayList.forEach(ArrayList.java:1511)
... Removed 38 stack frames]]>
    </failure>
  </testcase> <!-- getAllMobileDetails -->
</testsuite> <!-- Test -->
