<?xml version="1.0" encoding="UTF-8"?>
<testng-results ignored="0" total="1" passed="1" failed="0" skipped="0">
  <reporter-output>
    <line>
      <![CDATA[The testmethod has been started]]>
    </line>
    <line>
      <![CDATA[The getAllMobileDetails method is successfully executed]]>
    </line>
  </reporter-output>
  <suite started-at="2024-06-06T23:30:52 IST" name="Suite" finished-at="2024-06-06T23:31:01 IST" duration-ms="8841">
    <groups>
    </groups>
    <test started-at="2024-06-06T23:30:52 IST" name="Test" finished-at="2024-06-06T23:31:01 IST" duration-ms="8841">
      <class name="Flipkart.GetAllmobileDetails">
        <test-method is-config="true" signature="launchBrowser()[pri:0, instance:Flipkart.GetAllmobileDetails@1fa268de]" started-at="2024-06-06T23:30:52 IST" name="launchBrowser" finished-at="2024-06-06T23:30:56 IST" duration-ms="3413" status="PASS">
          <reporter-output>
          </reporter-output>
        </test-method> <!-- launchBrowser -->
        <test-method signature="getAllMobileDetails()[pri:0, instance:Flipkart.GetAllmobileDetails@1fa268de]" started-at="2024-06-06T23:30:56 IST" name="getAllMobileDetails" finished-at="2024-06-06T23:31:01 IST" duration-ms="4987" status="PASS">
          <reporter-output>
            <line>
              <![CDATA[The testmethod has been started]]>
            </line>
            <line>
              <![CDATA[The getAllMobileDetails method is successfully executed]]>
            </line>
          </reporter-output>
        </test-method> <!-- getAllMobileDetails -->
        <test-method is-config="true" signature="closeBrowser()[pri:0, instance:Flipkart.GetAllmobileDetails@1fa268de]" started-at="2024-06-06T23:31:01 IST" name="closeBrowser" finished-at="2024-06-06T23:31:01 IST" duration-ms="219" status="PASS">
          <reporter-output>
          </reporter-output>
        </test-method> <!-- closeBrowser -->
      </class> <!-- Flipkart.GetAllmobileDetails -->
    </test> <!-- Test -->
  </suite> <!-- Suite -->
</testng-results>
