<?xml version="1.0" encoding="UTF-8"?>
<testsuite xmlns:xsi="http://www.w3.org/2001/XMLSchema-instance" xsi:noNamespaceSchemaLocation="https://maven.apache.org/surefire/maven-surefire-plugin/xsd/surefire-test-report-3.0.xsd" version="3.0" name="TestSuite" time="9.853" tests="1" errors="0" skipped="0" failures="0">
  <properties>
[...]
</properties>
  <testcase name="getAllMobileDetails" classname="Flipkart.GetAllmobileDetails" time="4.992">
    <system-out><![CDATA[The testmethod has been started
Apple iPhone 15 Pro (White Titanium, 512 GB) ==> ₹1,58,990
Apple iPhone 15 Pro (White Titanium, 256 GB) ==> ₹1,37,990
Apple iPhone 15 Pro (White Titanium, 128 GB) ==> ₹1,27,990
Apple iPhone 15 Pro (White Titanium, 1 TB) ==> ₹1,77,990
Apple iPhone 15 Pro (Black Titanium, 512 GB) ==> ₹1,58,990
Apple iPhone 15 Pro (Black Titanium, 128 GB) ==> ₹1,27,990
Apple iPhone 15 Pro (Black Titanium, 1 TB) ==> ₹1,77,990
Apple iPhone 15 Plus (Yellow, 128 GB) ==> ₹81,999
Apple iPhone 15 Plus (Pink, 128 GB) ==> ₹81,999
Apple iPhone 15 Plus (Green, 128 GB) ==> ₹81,999
Apple iPhone 15 Plus (Blue, 256 GB) ==> ₹92,999
Apple iPhone 15 Plus (Blue, 128 GB) ==> ₹81,999
Apple iPhone 15 Plus (Black, 256 GB) ==> ₹92,999
Apple iPhone 15 Plus (Black, 128 GB) ==> ₹81,999
Apple iPhone 15 (Yellow, 512 GB) ==> ₹1,00,999
Apple iPhone 15 (Yellow, 256 GB) ==> ₹80,999
Apple iPhone 15 (Yellow, 128 GB) ==> ₹70,999
Apple iPhone 15 (Pink, 256 GB) ==> ₹80,999
Apple iPhone 15 (Pink, 128 GB) ==> ₹70,999
Apple iPhone 15 (Green, 256 GB) ==> ₹80,999
Apple iPhone 15 (Green, 128 GB) ==> ₹70,999
Apple iPhone 15 (Blue, 128 GB) ==> ₹70,999
Apple iPhone 15 (Black, 256 GB) ==> ₹80,999
Apple iPhone 15 (Black, 128 GB) ==> ₹70,999
The getAllMobileDetails method is successfully executed
]]></system-out>
    <system-err><![CDATA[SLF4J: Failed to load class "org.slf4j.impl.StaticLoggerBinder".
SLF4J: Defaulting to no-operation (NOP) logger implementation
SLF4J: See http://www.slf4j.org/codes.html#StaticLoggerBinder for further details.
Jun 06, 2024 11:30:54 PM org.openqa.selenium.devtools.CdpVersionFinder findNearestMatch
WARNING: Unable to find CDP implementation matching 125
Jun 06, 2024 11:30:54 PM org.openqa.selenium.chromium.ChromiumDriver lambda$new$5
WARNING: Unable to find version of CDP to use for 125.0.6422.141. You may need to include a dependency on a specific version of the CDP using something similar to `org.seleniumhq.selenium:selenium-devtools-v86:4.13.0` where the version ("v86") matches the version of the chromium-based browser you're using and the version number of the artifact is the same as Selenium's.
]]></system-err>
  </testcase>
</testsuite>