<?xml version="1.0" encoding="UTF-8"?>
<testng-results ignored="0" total="1" passed="1" failed="0" skipped="0">
  <reporter-output>
    <line>
      <![CDATA[The testmethod has been started]]>
    </line>
    <line>
      <![CDATA[The printDesc method is successfully executed]]>
    </line>
  </reporter-output>
  <suite started-at="2024-06-06T23:24:30 IST" name="Suite" finished-at="2024-06-06T23:24:39 IST" duration-ms="8966">
    <groups>
    </groups>
    <test started-at="2024-06-06T23:24:30 IST" name="Test" finished-at="2024-06-06T23:24:39 IST" duration-ms="8966">
      <class name="Flipkart.GetAllmobileDetails">
        <test-method is-config="true" signature="launchBrowser()[pri:0, instance:Flipkart.GetAllmobileDetails@13c9d689]" started-at="2024-06-06T23:24:31 IST" name="launchBrowser" finished-at="2024-06-06T23:24:34 IST" duration-ms="3449" status="PASS">
          <reporter-output>
          </reporter-output>
        </test-method> <!-- launchBrowser -->
        <test-method signature="printDesc()[pri:0, instance:Flipkart.GetAllmobileDetails@13c9d689]" started-at="2024-06-06T23:24:34 IST" name="printDesc" finished-at="2024-06-06T23:24:39 IST" duration-ms="5019" status="PASS">
          <reporter-output>
            <line>
              <![CDATA[The testmethod has been started]]>
            </line>
            <line>
              <![CDATA[The printDesc method is successfully executed]]>
            </line>
          </reporter-output>
        </test-method> <!-- printDesc -->
        <test-method is-config="true" signature="closeBrowser()[pri:0, instance:Flipkart.GetAllmobileDetails@13c9d689]" started-at="2024-06-06T23:24:39 IST" name="closeBrowser" finished-at="2024-06-06T23:24:39 IST" duration-ms="232" status="PASS">
          <reporter-output>
          </reporter-output>
        </test-method> <!-- closeBrowser -->
      </class> <!-- Flipkart.GetAllmobileDetails -->
    </test> <!-- Test -->
  </suite> <!-- Suite -->
</testng-results>
