<?xml version="1.0" encoding="UTF-8"?>
<testng-results ignored="0" total="1" passed="1" failed="0" skipped="0">
  <reporter-output>
  </reporter-output>
  <suite started-at="2024-06-07T02:18:45 IST" name="Default suite" finished-at="2024-06-07T02:18:50 IST" duration-ms="5182">
    <groups>
    </groups>
    <test started-at="2024-06-07T02:18:45 IST" name="Default test" finished-at="2024-06-07T02:18:50 IST" duration-ms="5182">
      <class name="Flipkart.Sample">
        <test-method signature="hh()[pri:0, instance:Flipkart.Sample@4c371370]" started-at="2024-06-07T02:18:45 IST" name="hh" finished-at="2024-06-07T02:18:50 IST" duration-ms="5108" status="PASS">
          <reporter-output>
          </reporter-output>
        </test-method> <!-- hh -->
      </class> <!-- Flipkart.Sample -->
    </test> <!-- Default test -->
  </suite> <!-- Default suite -->
</testng-results>
